  Defines.h
  DoubleBuffering.cpp
C:\Users\KGA\source\repos\Umamusume\Umamusume\DoubleBuffering.cpp(34,18): warning C4267: '인수': 'size_t'에서 'DWORD'(으)로 변환하면서 데이터가 손실될 수 있습니다.
C:\Users\KGA\source\repos\Umamusume\Umamusume\DoubleBuffering.cpp(69,56): warning C4267: '인수': 'size_t'에서 'DWORD'(으)로 변환하면서 데이터가 손실될 수 있습니다.
C:\Users\KGA\source\repos\Umamusume\Umamusume\DoubleBuffering.cpp(86,54): warning C4267: '인수': 'size_t'에서 'DWORD'(으)로 변환하면서 데이터가 손실될 수 있습니다.
  Horse.cpp
  main.cpp
C:\Users\KGA\source\repos\Umamusume\Umamusume\main.cpp(20,2): warning C4129: ' ': 인식할 수 없는 문자 이스케이프 시퀀스입니다.
C:\Users\KGA\source\repos\Umamusume\Umamusume\main.cpp(20,2): warning C4129: '/': 인식할 수 없는 문자 이스케이프 시퀀스입니다.
C:\Users\KGA\source\repos\Umamusume\Umamusume\main.cpp(21,2): warning C4129: '/': 인식할 수 없는 문자 이스케이프 시퀀스입니다.
C:\Users\KGA\source\repos\Umamusume\Umamusume\main.cpp(21,2): warning C4129: ' ': 인식할 수 없는 문자 이스케이프 시퀀스입니다.
C:\Users\KGA\source\repos\Umamusume\Umamusume\main.cpp(22,2): warning C4129: ' ': 인식할 수 없는 문자 이스케이프 시퀀스입니다.
C:\Users\KGA\source\repos\Umamusume\Umamusume\main.cpp(22,2): warning C4129: '/': 인식할 수 없는 문자 이스케이프 시퀀스입니다.
C:\Users\KGA\source\repos\Umamusume\Umamusume\main.cpp(23,2): warning C4129: ' ': 인식할 수 없는 문자 이스케이프 시퀀스입니다.
C:\Users\KGA\source\repos\Umamusume\Umamusume\main.cpp(24,2): warning C4129: '_': 인식할 수 없는 문자 이스케이프 시퀀스입니다.
  Map.cpp
  RaceManager.cpp
C:\Users\KGA\source\repos\Umamusume\Umamusume\RaceManager.cpp(144,25): warning C4566: 유니버설 문자 이름 '\u26A1'(으)로 표현되는 문자는 현재 코드 페이지(949)에서 표현할 수 없습니다.
C:\Users\KGA\source\repos\Umamusume\Umamusume\RaceManager.cpp(182,31): warning C4566: 유니버설 문자 이름 '\U0001F389'(으)로 표현되는 문자는 현재 코드 페이지(949)에서 표현할 수 없습니다.
  Skill.cpp
  Tile.cpp
  TrainingManager.cpp
  코드를 생성하고 있습니다...
  Umamusume.vcxproj -> C:\Users\KGA\source\repos\Umamusume\x64\Debug\Umamusume.exe
